[15:19:42] [main/INFO]: ModLauncher running: args [--username, Xspringbonnie0, --version, forge-47.4.0, --gameDir, C:\Users\kiann\curseforge\minecraft\Instances\surv, --assetsDir, C:\Users\kiann\curseforge\minecraft\Install\assets, --assetIndex, 5, --uuid, ad1424842ace4593a2eab8339ec5e454, --accessToken, ????????, --clientId, NDY2ZGMzNzktMzFkMi00ZDQ5LThhNjEtNWJiYWQ4MGRjZjU3, --xuid, 2535447022208370, --userType, msa, --versionType, release, --width, 1024, --height, 768, --quickPlayPath, C:\Users\kiann\curseforge\minecraft\Install\quickPlay\java\1753363177757.json, --launchTarget, forgeclient, --fml.forgeVersion, 47.4.0, --fml.mcVersion, 1.20.1, --fml.forgeGroup, net.minecraftforge, --fml.mcpVersion, 20230612.114412]
[15:19:42] [main/INFO]: ModLauncher 10.0.9+10.0.9+main.dcd20f30 starting: java version 17.0.15 by Microsoft; OS Windows 10 arch amd64 version 10.0
[15:19:45] [main/INFO]: Loading ImmediateWindowProvider fmlearlywindow
[15:19:46] [main/INFO]: Trying GL version 4.6
[15:19:46] [main/INFO]: Requested GL version 4.6 got version 4.6
[15:19:46] [main/INFO]: OptiFineTransformationService.onLoad
[15:19:46] [main/INFO]: OptiFine ZIP file URL: union:/C:/Users/kiann/curseforge/minecraft/Instances/surv/mods/OptiFine_1.20.1_HD_U_I6.jar%23308!/
[15:19:46] [main/INFO]: OptiFine ZIP file: C:\Users\kiann\curseforge\minecraft\Instances\surv\mods\OptiFine_1.20.1_HD_U_I6.jar
[15:19:46] [main/INFO]: Target.PRE_CLASS is available
[15:19:46] [main/INFO]: SpongePowered MIXIN Subsystem Version=0.8.5 Source=union:/C:/Users/kiann/curseforge/minecraft/Install/libraries/org/spongepowered/mixin/0.8.5/mixin-0.8.5.jar%23100!/ Service=ModLauncher Env=CLIENT
[15:19:46] [main/INFO]: OptiFineTransformationService.initialize
[15:19:46] [pool-2-thread-1/INFO]: GL info: Radeon (TM) RX 480 Graphics GL version 4.6.0 Core Profile Context 25.5.1.250226, ATI Technologies Inc.
[15:19:47] [main/INFO]: Found mod file [1.20.1] SecurityCraft v1.10.0.1.jar of type MOD with provider {mods folder locator at C:\Users\kiann\curseforge\minecraft\Instances\surv\mods}
[15:19:47] [main/INFO]: Found mod file [forge]ctov-3.4.14.jar of type MOD with provider {mods folder locator at C:\Users\kiann\curseforge\minecraft\Instances\surv\mods}
[15:19:47] [main/INFO]: Found mod file AdvancementPlaques-1.20.1-forge-1.6.9.jar of type MOD with provider {mods folder locator at C:\Users\kiann\curseforge\minecraft\Instances\surv\mods}
[15:19:47] [main/INFO]: Found mod file alexscaves-2.0.2.jar of type MOD with provider {mods folder locator at C:\Users\kiann\curseforge\minecraft\Instances\surv\mods}
[15:19:47] [main/INFO]: Found mod file alexsmobs-1.22.9.jar of type MOD with provider {mods folder locator at C:\Users\kiann\curseforge\minecraft\Instances\surv\mods}
[15:19:47] [main/INFO]: Found mod file amendments-1.20-1.2.19.jar of type MOD with provider {mods folder locator at C:\Users\kiann\curseforge\minecraft\Instances\surv\mods}
[15:19:47] [main/INFO]: Found mod file Amplified_Nether_1.21.x_v1.2.11.jar of type MOD with provider {mods folder locator at C:\Users\kiann\curseforge\minecraft\Instances\surv\mods}
[15:19:47] [main/INFO]: Found mod file Another Flashlight Mod 1.1.0 [Forge 1.20.1].jar of type MOD with provider {mods folder locator at C:\Users\kiann\curseforge\minecraft\Instances\surv\mods}
[15:19:47] [main/INFO]: Found mod file Aquaculture-1.20.1-2.5.5.jar of type MOD with provider {mods folder locator at C:\Users\kiann\curseforge\minecraft\Instances\surv\mods}
[15:19:47] [main/INFO]: Found mod file aquamirae-6.API15.jar of type MOD with provider {mods folder locator at C:\Users\kiann\curseforge\minecraft\Instances\surv\mods}
[15:19:47] [main/INFO]: Found mod file architectury-9.2.14-forge.jar of type MOD with provider {mods folder locator at C:\Users\kiann\curseforge\minecraft\Instances\surv\mods}
[15:19:47] [main/INFO]: Found mod file artifacts-forge-9.5.16.jar of type MOD with provider {mods folder locator at C:\Users\kiann\curseforge\minecraft\Instances\surv\mods}
[15:19:47] [main/INFO]: Found mod file autohud-8.7+1.20.1-forge.jar of type MOD with provider {mods folder locator at C:\Users\kiann\curseforge\minecraft\Instances\surv\mods}
[15:19:47] [main/INFO]: Found mod file backpacked-forge-1.20.1-2.2.5.jar of type MOD with provider {mods folder locator at C:\Users\kiann\curseforge\minecraft\Instances\surv\mods}
[15:19:47] [main/INFO]: Found mod file balm-forge-1.20.1-7.3.33-all.jar of type MOD with provider {mods folder locator at C:\Users\kiann\curseforge\minecraft\Instances\surv\mods}
[15:19:47] [main/INFO]: Found mod file blocksyouneed_luna-1.10-forge-1.20.1.jar of type MOD with provider {mods folder locator at C:\Users\kiann\curseforge\minecraft\Instances\surv\mods}
[15:19:47] [main/INFO]: Found mod file blueprint-1.20.1-7.1.3.jar of type MOD with provider {mods folder locator at C:\Users\kiann\curseforge\minecraft\Instances\surv\mods}
[15:19:47] [main/INFO]: Found mod file bountiful_critters-1.4.4.jar of type MOD with provider {mods folder locator at C:\Users\kiann\curseforge\minecraft\Instances\surv\mods}
[15:19:47] [main/INFO]: Found mod file bountifulblocks-1.20.1-0.9.8.jar of type MOD with provider {mods folder locator at C:\Users\kiann\curseforge\minecraft\Instances\surv\mods}
[15:19:47] [main/INFO]: Found mod file CameraOverhaul-v2.0.4-forge+mc[1.20.0-1.20.5].jar of type MOD with provider {mods folder locator at C:\Users\kiann\curseforge\minecraft\Instances\surv\mods}
[15:19:47] [main/INFO]: Found mod file cc-tweaked-1.20.1-forge-1.113.1.jar of type MOD with provider {mods folder locator at C:\Users\kiann\curseforge\minecraft\Instances\surv\mods}
[15:19:47] [main/INFO]: Found mod file cc-tweaked-1.20.1-forge-1.116.0.jar of type MOD with provider {mods folder locator at C:\Users\kiann\curseforge\minecraft\Instances\surv\mods}
[15:19:47] [main/INFO]: Found mod file cccbridge-mc1.20.1-v1.7.1-forge.jar of type MOD with provider {mods folder locator at C:\Users\kiann\curseforge\minecraft\Instances\surv\mods}
[15:19:47] [main/INFO]: Found mod file cfm-forge-1.20.1-7.0.0-pre36.jar of type MOD with provider {mods folder locator at C:\Users\kiann\curseforge\minecraft\Instances\surv\mods}
[15:19:47] [main/INFO]: Found mod file citadel-2.6.2-1.20.1.jar of type MOD with provider {mods folder locator at C:\Users\kiann\curseforge\minecraft\Instances\surv\mods}
[15:19:47] [main/INFO]: Found mod file cloth-config-11.1.136-forge.jar of type MOD with provider {mods folder locator at C:\Users\kiann\curseforge\minecraft\Instances\surv\mods}
[15:19:47] [main/INFO]: Found mod file copycats-3.0.2+mc.1.20.1-forge.jar of type MOD with provider {mods folder locator at C:\Users\kiann\curseforge\minecraft\Instances\surv\mods}
[15:19:47] [main/INFO]: Found mod file cosycritters-1.20.1-Forge-0.0.6.jar of type MOD with provider {mods folder locator at C:\Users\kiann\curseforge\minecraft\Instances\surv\mods}
[15:19:47] [main/INFO]: Found mod file create-1.20.1-6.0.6.jar of type MOD with provider {mods folder locator at C:\Users\kiann\curseforge\minecraft\Instances\surv\mods}
[15:19:47] [main/INFO]: Found mod file create-confectionery1.20.1_v1.1.0.jar of type MOD with provider {mods folder locator at C:\Users\kiann\curseforge\minecraft\Instances\surv\mods}
[15:19:47] [main/INFO]: Found mod file create_connected-1.1.7-mc1.20.1-all.jar of type MOD with provider {mods folder locator at C:\Users\kiann\curseforge\minecraft\Instances\surv\mods}
[15:19:47] [main/INFO]: Found mod file create_enchantment_industry-1.3.3-for-create-6.0.6.jar of type MOD with provider {mods folder locator at C:\Users\kiann\curseforge\minecraft\Instances\surv\mods}
[15:19:47] [main/INFO]: Found mod file createcafe-1.2.4-1.20.1.jar of type MOD with provider {mods folder locator at C:\Users\kiann\curseforge\minecraft\Instances\surv\mods}
[15:19:47] [main/INFO]: Found mod file createdeco-2.0.3-1.20.1-forge.jar of type MOD with provider {mods folder locator at C:\Users\kiann\curseforge\minecraft\Instances\surv\mods}
[15:19:47] [main/INFO]: Found mod file CreativeCore_FORGE_v2.12.32_mc1.20.1.jar of type MOD with provider {mods folder locator at C:\Users\kiann\curseforge\minecraft\Instances\surv\mods}
[15:19:47] [main/INFO]: Found mod file curios-forge-5.14.1+1.20.1.jar of type MOD with provider {mods folder locator at C:\Users\kiann\curseforge\minecraft\Instances\surv\mods}
[15:19:47] [main/INFO]: Found mod file decorative_blocks-forge-1.20.1-4.1.3.jar of type MOD with provider {mods folder locator at C:\Users\kiann\curseforge\minecraft\Instances\surv\mods}
[15:19:47] [main/INFO]: Found mod file double_hotbar-1.3.2.1-mc1.20.1-forge.jar of type MOD with provider {mods folder locator at C:\Users\kiann\curseforge\minecraft\Instances\surv\mods}
[15:19:47] [main/INFO]: Found mod file dynamiccrosshair-9.8+1.20.1-forge.jar of type MOD with provider {mods folder locator at C:\Users\kiann\curseforge\minecraft\Instances\surv\mods}
[15:19:47] [main/INFO]: Found mod file dynamiclights-v1.8.6-mc1.17-1.21.5-mod.jar of type MOD with provider {mods folder locator at C:\Users\kiann\curseforge\minecraft\Instances\surv\mods}
[15:19:47] [main/INFO]: Found mod file DynamicTrees-1.20.1-1.4.5.jar of type MOD with provider {mods folder locator at C:\Users\kiann\curseforge\minecraft\Instances\surv\mods}
[15:19:47] [main/INFO]: Found mod file DynamicTreesAlexsMobs-1.20.1-1.0.0.jar of type MOD with provider {mods folder locator at C:\Users\kiann\curseforge\minecraft\Instances\surv\mods}
[15:19:47] [main/INFO]: Found mod file DynamicTreesPlus-1.20.1-1.2.1.jar of type MOD with provider {mods folder locator at C:\Users\kiann\curseforge\minecraft\Instances\surv\mods}
[15:19:47] [main/INFO]: Found mod file DynamicTreesSoniCraft-1.20.1-1.1.0.jar of type MOD with provider {mods folder locator at C:\Users\kiann\curseforge\minecraft\Instances\surv\mods}
[15:19:47] [main/INFO]: Found mod file DynamicTreesTerralith-1.20.1-1.2.5.jar of type MOD with provider {mods folder locator at C:\Users\kiann\curseforge\minecraft\Instances\surv\mods}
[15:19:47] [main/INFO]: Found mod file eatinganimation-1.20.1-5.1.0.jar of type MOD with provider {mods folder locator at C:\Users\kiann\curseforge\minecraft\Instances\surv\mods}
[15:19:47] [main/INFO]: Found mod file effortlessbuilding-1.20.1-3.10.jar of type MOD with provider {mods folder locator at C:\Users\kiann\curseforge\minecraft\Instances\surv\mods}
[15:19:47] [main/INFO]: Found mod file endergetic-1.20.1-5.0.1.jar of type MOD with provider {mods folder locator at C:\Users\kiann\curseforge\minecraft\Instances\surv\mods}
[15:19:47] [main/INFO]: Found mod file endrem_forge-5.3.3-R-1.20.1.jar of type MOD with provider {mods folder locator at C:\Users\kiann\curseforge\minecraft\Instances\surv\mods}
[15:19:47] [main/INFO]: Found mod file EnhancedVisuals_FORGE_v1.8.2_mc1.20.1.jar of type MOD with provider {mods folder locator at C:\Users\kiann\curseforge\minecraft\Instances\surv\mods}
[15:19:47] [main/INFO]: Found mod file entityculling-forge-1.8.2-mc1.20.1.jar of type MOD with provider {mods folder locator at C:\Users\kiann\curseforge\minecraft\Instances\surv\mods}
[15:19:47] [main/INFO]: Found mod file escalated-1.1.0-create.6.0.6-mc.1.20.1-forge.jar of type MOD with provider {mods folder locator at C:\Users\kiann\curseforge\minecraft\Instances\surv\mods}
[15:19:47] [main/INFO]: Found mod file explosiveenhancement-1.1.0-1.20.1-client-and-server.jar of type MOD with provider {mods folder locator at C:\Users\kiann\curseforge\minecraft\Instances\surv\mods}
[15:19:47] [main/INFO]: Found mod file exposure-1.20.1-1.7.16-forge.jar of type MOD with provider {mods folder locator at C:\Users\kiann\curseforge\minecraft\Instances\surv\mods}
[15:19:47] [main/INFO]: Found mod file fallingleaves-1.20.1-2.1.2.jar of type MOD with provider {mods folder locator at C:\Users\kiann\curseforge\minecraft\Instances\surv\mods}
[15:19:47] [main/INFO]: Found mod file flowing_fluids_forge_1.20.1-0.6.1.jar of type MOD with provider {mods folder locator at C:\Users\kiann\curseforge\minecraft\Instances\surv\mods}
[15:19:47] [main/INFO]: Found mod file FPS-Monitor-1.20-1.3.0.jar of type MOD with provider {mods folder locator at C:\Users\kiann\curseforge\minecraft\Instances\surv\mods}
[15:19:47] [main/INFO]: Found mod file framework-forge-1.20.1-0.7.15.jar of type MOD with provider {mods folder locator at C:\Users\kiann\curseforge\minecraft\Instances\surv\mods}
[15:19:47] [main/INFO]: Found mod file fzzy_config-0.7.1+1.20.1+forge.jar of type MOD with provider {mods folder locator at C:\Users\kiann\curseforge\minecraft\Instances\surv\mods}
[15:19:47] [main/INFO]: Found mod file geckolib-forge-1.20.1-4.7.3.jar of type MOD with provider {mods folder locator at C:\Users\kiann\curseforge\minecraft\Instances\surv\mods}
[15:19:47] [main/INFO]: Found mod file GlitchCore-forge-1.20.1-0.0.1.1.jar of type MOD with provider {mods folder locator at C:\Users\kiann\curseforge\minecraft\Instances\surv\mods}
[15:19:47] [main/INFO]: Found mod file gml-4.0.11-all.jar of type LANGPROVIDER with provider {mods folder locator at C:\Users\kiann\curseforge\minecraft\Instances\surv\mods}
[15:19:47] [main/INFO]: Found mod file holdmyitems-1.20.1v2.1.jar of type MOD with provider {mods folder locator at C:\Users\kiann\curseforge\minecraft\Instances\surv\mods}
[15:19:47] [main/INFO]: Found mod file hourglass-1.20-1.2.1.1.jar of type MOD with provider {mods folder locator at C:\Users\kiann\curseforge\minecraft\Instances\surv\mods}
[15:19:47] [main/INFO]: Found mod file iceandfire-2.1.13-1.20.1-beta-5.jar of type MOD with provider {mods folder locator at C:\Users\kiann\curseforge\minecraft\Instances\surv\mods}
[15:19:47] [main/INFO]: Found mod file Iceberg-1.20.1-forge-1.1.25.jar of type MOD with provider {mods folder locator at C:\Users\kiann\curseforge\minecraft\Instances\surv\mods}
[15:19:47] [main/INFO]: Found mod file Incendium_1.20.x_v5.3.5.jar of type MOD with provider {mods folder locator at C:\Users\kiann\curseforge\minecraft\Instances\surv\mods}
[15:19:47] [main/INFO]: Found mod file interiors-0.5.6+forge-mc1.20.1-local.jar of type MOD with provider {mods folder locator at C:\Users\kiann\curseforge\minecraft\Instances\surv\mods}
[15:19:47] [main/INFO]: Found mod file JustOutdoorStuffs-1.20.1-forge-v1.0.2.jar of type MOD with provider {mods folder locator at C:\Users\kiann\curseforge\minecraft\Instances\surv\mods}
[15:19:47] [main/INFO]: Found mod file kjscc-2002-1.0.2-beta.jar of type MOD with provider {mods folder locator at C:\Users\kiann\curseforge\minecraft\Instances\surv\mods}
[15:19:47] [main/INFO]: Found mod file kotlinforforge-4.11.0-all.jar of type LIBRARY with provider {mods folder locator at C:\Users\kiann\curseforge\minecraft\Instances\surv\mods}
[15:19:47] [main/INFO]: Found mod file kubejs-create-forge-2001.3.0-build.8.jar of type MOD with provider {mods folder locator at C:\Users\kiann\curseforge\minecraft\Instances\surv\mods}
[15:19:47] [main/INFO]: Found mod file kubejs-forge-2001.6.5-build.16.jar of type MOD with provider {mods folder locator at C:\Users\kiann\curseforge\minecraft\Instances\surv\mods}
[15:19:47] [main/INFO]: Found mod file legendary_additions-1.20.1-1.0.13.1.jar of type MOD with provider {mods folder locator at C:\Users\kiann\curseforge\minecraft\Instances\surv\mods}
[15:19:47] [main/INFO]: Found mod file legendarycreatures-1.20.1-1.1.1.2.jar of type MOD with provider {mods folder locator at C:\Users\kiann\curseforge\minecraft\Instances\surv\mods}
[15:19:47] [main/INFO]: Found mod file legendarysurvivaloverhaul-1.20.1-2.3.20.1.jar of type MOD with provider {mods folder locator at C:\Users\kiann\curseforge\minecraft\Instances\surv\mods}
[15:19:47] [main/INFO]: Found mod file legendarytabs-1.20.1-1.1.3.1.jar of type MOD with provider {mods folder locator at C:\Users\kiann\curseforge\minecraft\Instances\surv\mods}
[15:19:47] [main/INFO]: Found mod file lexiconfig-forge-1.4.18-1.jar of type MOD with provider {mods folder locator at C:\Users\kiann\curseforge\minecraft\Instances\surv\mods}
[15:19:47] [main/INFO]: Found mod file lithostitched-forge-1.20.1-1.4.11.jar of type MOD with provider {mods folder locator at C:\Users\kiann\curseforge\minecraft\Instances\surv\mods}
[15:19:47] [main/INFO]: Found mod file make_bubbles_pop-0.3.0-forge-mc1.19.4-1.20.4.jar of type MOD with provider {mods folder locator at C:\Users\kiann\curseforge\minecraft\Instances\surv\mods}
[15:19:47] [main/INFO]: Found mod file management_wanted-1.3.3-forge-1.20.1.jar of type MOD with provider {mods folder locator at C:\Users\kiann\curseforge\minecraft\Instances\surv\mods}
[15:19:47] [main/INFO]: Found mod file minecraft-comes-alive-7.6.11+1.20.1-universal.jar of type MOD with provider {mods folder locator at C:\Users\kiann\curseforge\minecraft\Instances\surv\mods}
[15:19:47] [main/INFO]: Found mod file moonlight-1.20-2.14.13-forge.jar of type MOD with provider {mods folder locator at C:\Users\kiann\curseforge\minecraft\Instances\surv\mods}
[15:19:47] [main/INFO]: Found mod file notenoughanimations-forge-1.10.1-mc1.20.1.jar of type MOD with provider {mods folder locator at C:\Users\kiann\curseforge\minecraft\Instances\surv\mods}
[15:19:47] [main/INFO]: Found mod file obscure_api-15.jar of type MOD with provider {mods folder locator at C:\Users\kiann\curseforge\minecraft\Instances\surv\mods}
[15:19:47] [main/INFO]: Found mod file OctoLib-FORGE-0.5.0.1+1.20.1.jar of type MOD with provider {mods folder locator at C:\Users\kiann\curseforge\minecraft\Instances\surv\mods}
[15:19:47] [main/INFO]: Found mod file ParCool-1.20.1-3.4.1.1.jar of type MOD with provider {mods folder locator at C:\Users\kiann\curseforge\minecraft\Instances\surv\mods}
[15:19:47] [main/INFO]: Found mod file ParCool-CompatibilityAddon-1.20.1-3.3.1.0-1.0.jar of type MOD with provider {mods folder locator at C:\Users\kiann\curseforge\minecraft\Instances\surv\mods}
[15:19:47] [main/INFO]: Found mod file particlerain-4.0.0-alpha-2+1.20.1-forge.jar of type MOD with provider {mods folder locator at C:\Users\kiann\curseforge\minecraft\Instances\surv\mods}
[15:19:47] [main/INFO]: Found mod file particular-1.20.1-Forge-1.2.4.jar of type MOD with provider {mods folder locator at C:\Users\kiann\curseforge\minecraft\Instances\surv\mods}
[15:19:47] [main/INFO]: Found mod file pathundergates-1.20.1-1.0.2-release.jar of type MOD with provider {mods folder locator at C:\Users\kiann\curseforge\minecraft\Instances\surv\mods}
[15:19:47] [main/INFO]: Found mod file pcraftrevorn-3.1.1-forge-1.20.1.jar of type MOD with provider {mods folder locator at C:\Users\kiann\curseforge\minecraft\Instances\surv\mods}
[15:19:47] [main/INFO]: Found mod file Pehkui-3.8.2+1.20.1-forge.jar of type MOD with provider {mods folder locator at C:\Users\kiann\curseforge\minecraft\Instances\surv\mods}
[15:19:47] [main/INFO]: Found mod file Perception-FORGE-0.1.4+1.20.1.jar of type MOD with provider {mods folder locator at C:\Users\kiann\curseforge\minecraft\Instances\surv\mods}
[15:19:47] [main/INFO]: Found mod file player-animation-lib-forge-1.0.2-rc1+1.20.jar of type MOD with provider {mods folder locator at C:\Users\kiann\curseforge\minecraft\Instances\surv\mods}
[15:19:47] [main/INFO]: Found mod file PresenceFootsteps-1.20.1-1.9.1-beta.1.jar of type MOD with provider {mods folder locator at C:\Users\kiann\curseforge\minecraft\Instances\surv\mods}
[15:19:47] [main/INFO]: Found mod file Pretty Rain-1.20.1-Forge-1.1.3.jar of type MOD with provider {mods folder locator at C:\Users\kiann\curseforge\minecraft\Instances\surv\mods}
[15:19:47] [main/INFO]: Found mod file projectatmosphere-0.3.6.jar of type MOD with provider {mods folder locator at C:\Users\kiann\curseforge\minecraft\Instances\surv\mods}
[15:19:47] [main/INFO]: Found mod file realmrpg_creep_and_crop_1.0.2_forge_1.20.1.jar of type MOD with provider {mods folder locator at C:\Users\kiann\curseforge\minecraft\Instances\surv\mods}
[15:19:47] [main/INFO]: Found mod file realmrpg_dragon_wyrms_1.0.1_forge_1.20.1.jar of type MOD with provider {mods folder locator at C:\Users\kiann\curseforge\minecraft\Instances\surv\mods}
[15:19:47] [main/INFO]: Found mod file realmrpg_imps_and_demons_0.9.1_forge_1.20.1.jar of type MOD with provider {mods folder locator at C:\Users\kiann\curseforge\minecraft\Instances\surv\mods}
[15:19:47] [main/INFO]: Found mod file realmrpg_pots_and_mimics_1.0.2_forge_1.20.1.jar of type MOD with provider {mods folder locator at C:\Users\kiann\curseforge\minecraft\Instances\surv\mods}
[15:19:47] [main/INFO]: Found mod file realmrpg_quests-0.1.1-forge-1.20.1.jar of type MOD with provider {mods folder locator at C:\Users\kiann\curseforge\minecraft\Instances\surv\mods}
[15:19:47] [main/INFO]: Found mod file realmrpg_seadwellers_2.9.9_forge_1.20.1.jar of type MOD with provider {mods folder locator at C:\Users\kiann\curseforge\minecraft\Instances\surv\mods}
[15:19:47] [main/INFO]: Found mod file realmrpg_skeletons-1.1.0-forge-1.20.1.jar of type MOD with provider {mods folder locator at C:\Users\kiann\curseforge\minecraft\Instances\surv\mods}
[15:19:47] [main/INFO]: Found mod file refurbished_furniture-forge-1.20.1-1.0.14.jar of type MOD with provider {mods folder locator at C:\Users\kiann\curseforge\minecraft\Instances\surv\mods}
[15:19:47] [main/INFO]: Found mod file reskillable-3.3.2-1.20.1.jar of type MOD with provider {mods folder locator at C:\Users\kiann\curseforge\minecraft\Instances\surv\mods}
[15:19:47] [main/INFO]: Found mod file rhino-forge-2001.2.3-build.10.jar of type MOD with provider {mods folder locator at C:\Users\kiann\curseforge\minecraft\Instances\surv\mods}
[15:19:47] [main/INFO]: Found mod file scholar-1.20.1-1.1.5.1-forge.jar of type MOD with provider {mods folder locator at C:\Users\kiann\curseforge\minecraft\Instances\surv\mods}
[15:19:47] [main/INFO]: Found mod file SereneSeasons-forge-1.20.1-9.1.0.2.jar of type MOD with provider {mods folder locator at C:\Users\kiann\curseforge\minecraft\Instances\surv\mods}
[15:19:47] [main/INFO]: Found mod file SereneSeasonsExtended-1.20.1-1.0.1.jar of type MOD with provider {mods folder locator at C:\Users\kiann\curseforge\minecraft\Instances\surv\mods}
[15:19:47] [main/INFO]: Found mod file SereneSeasonsExtended-1.20.1-1.0.4.jar of type MOD with provider {mods folder locator at C:\Users\kiann\curseforge\minecraft\Instances\surv\mods}
[15:19:47] [main/INFO]: Found mod file simpleclouds-0.7.2+1.20.1-forge-all.jar of type MOD with provider {mods folder locator at C:\Users\kiann\curseforge\minecraft\Instances\surv\mods}
[15:19:47] [main/INFO]: Found mod file SimpleRadio-forge-1.20.1-2.4.6.1.jar of type MOD with provider {mods folder locator at C:\Users\kiann\curseforge\minecraft\Instances\surv\mods}
[15:19:47] [main/INFO]: Found mod file sittingplus-2.0.5-1.20.1.jar of type MOD with provider {mods folder locator at C:\Users\kiann\curseforge\minecraft\Instances\surv\mods}
[15:19:47] [main/INFO]: Found mod file SkyVillages-1.0.4-1.19.2-1.20.1-forge-release.jar of type MOD with provider {mods folder locator at C:\Users\kiann\curseforge\minecraft\Instances\surv\mods}
[15:19:47] [main/INFO]: Found mod file smoothswapping-0.9.2-1.20.1-forge.jar of type MOD with provider {mods folder locator at C:\Users\kiann\curseforge\minecraft\Instances\surv\mods}
[15:19:47] [main/INFO]: Found mod file sonicraft-1.9.1-forge-1.20.1.jar of type MOD with provider {mods folder locator at C:\Users\kiann\curseforge\minecraft\Instances\surv\mods}
[15:19:47] [main/INFO]: Found mod file sound-physics-remastered-forge-1.20.1-1.4.13.jar of type MOD with provider {mods folder locator at C:\Users\kiann\curseforge\minecraft\Instances\surv\mods}
[15:19:47] [main/INFO]: Found mod file sp-1.20.1-1.6.5.jar of type MOD with provider {mods folder locator at C:\Users\kiann\curseforge\minecraft\Instances\surv\mods}
[15:19:47] [main/INFO]: Found mod file SubtleEffects-forge-1.20.1-1.11.0.jar of type MOD with provider {mods folder locator at C:\Users\kiann\curseforge\minecraft\Instances\surv\mods}
[15:19:47] [main/INFO]: Found mod file super_block_world-0.0.8-1.20.jar of type MOD with provider {mods folder locator at C:\Users\kiann\curseforge\minecraft\Instances\surv\mods}
[15:19:47] [main/INFO]: Found mod file supplementaries-1.20-3.1.36.jar of type MOD with provider {mods folder locator at C:\Users\kiann\curseforge\minecraft\Instances\surv\mods}
[15:19:47] [main/INFO]: Found mod file Terralith_1.20.x_v2.5.4.jar of type MOD with provider {mods folder locator at C:\Users\kiann\curseforge\minecraft\Instances\surv\mods}
[15:19:47] [main/INFO]: Found mod file tfmg-1.0.1b.jar of type MOD with provider {mods folder locator at C:\Users\kiann\curseforge\minecraft\Instances\surv\mods}
[15:19:47] [main/INFO]: Found mod file tia-1.20-1.1-forge.jar of type MOD with provider {mods folder locator at C:\Users\kiann\curseforge\minecraft\Instances\surv\mods}
[15:19:47] [main/INFO]: Found mod file Tumbleweed-forge-1.20.1-0.5.5.jar of type MOD with provider {mods folder locator at C:\Users\kiann\curseforge\minecraft\Instances\surv\mods}
[15:19:47] [main/INFO]: Found mod file UndergroundVillages-forge-1.20.1-2.1.0.jar of type MOD with provider {mods folder locator at C:\Users\kiann\curseforge\minecraft\Instances\surv\mods}
[15:19:47] [main/INFO]: Found mod file underwater_village-1.0.2-forge-1.20.1.jar of type MOD with provider {mods folder locator at C:\Users\kiann\curseforge\minecraft\Instances\surv\mods}
[15:19:47] [main/INFO]: Found mod file visuality-forge-2.0.2.jar of type MOD with provider {mods folder locator at C:\Users\kiann\curseforge\minecraft\Instances\surv\mods}
[15:19:47] [main/INFO]: Found mod file voicechat-forge-1.20.1-2.5.35.jar of type MOD with provider {mods folder locator at C:\Users\kiann\curseforge\minecraft\Instances\surv\mods}
[15:19:47] [main/INFO]: Found mod file wakes-1.20.1-Forge-1.0.5.jar of type MOD with provider {mods folder locator at C:\Users\kiann\curseforge\minecraft\Instances\surv\mods}
[15:19:47] [main/INFO]: Found mod file Waves-1.20.1-1.5.1.jar of type MOD with provider {mods folder locator at C:\Users\kiann\curseforge\minecraft\Instances\surv\mods}
[15:19:47] [main/INFO]: Found mod file waystones-forge-1.20.1-14.1.16.jar of type MOD with provider {mods folder locator at C:\Users\kiann\curseforge\minecraft\Instances\surv\mods}
[15:19:47] [main/INFO]: Found mod file worldedit-mod-7.2.15.jar of type MOD with provider {mods folder locator at C:\Users\kiann\curseforge\minecraft\Instances\surv\mods}
[15:19:47] [main/INFO]: Found mod file yet_another_config_lib_v3-3.6.6+1.20.1-forge.jar of type MOD with provider {mods folder locator at C:\Users\kiann\curseforge\minecraft\Instances\surv\mods}
[15:19:47] [main/INFO]: Found mod file YungsApi-1.20-Forge-4.0.6.jar of type MOD with provider {mods folder locator at C:\Users\kiann\curseforge\minecraft\Instances\surv\mods}
[15:19:47] [main/INFO]: Found mod file YungsBetterDesertTemples-1.20-Forge-3.0.3.jar of type MOD with provider {mods folder locator at C:\Users\kiann\curseforge\minecraft\Instances\surv\mods}
[15:19:47] [main/INFO]: Found mod file YungsBetterDungeons-1.20-Forge-4.0.4.jar of type MOD with provider {mods folder locator at C:\Users\kiann\curseforge\minecraft\Instances\surv\mods}
[15:19:47] [main/INFO]: Found mod file YungsBetterEndIsland-1.20-Forge-2.0.6.jar of type MOD with provider {mods folder locator at C:\Users\kiann\curseforge\minecraft\Instances\surv\mods}
[15:19:47] [main/INFO]: Found mod file YungsBetterJungleTemples-1.20-Forge-2.0.5.jar of type MOD with provider {mods folder locator at C:\Users\kiann\curseforge\minecraft\Instances\surv\mods}
[15:19:47] [main/INFO]: Found mod file YungsBetterMineshafts-1.20-Forge-4.0.4.jar of type MOD with provider {mods folder locator at C:\Users\kiann\curseforge\minecraft\Instances\surv\mods}
[15:19:47] [main/INFO]: Found mod file YungsBetterNetherFortresses-1.20-Forge-2.0.6.jar of type MOD with provider {mods folder locator at C:\Users\kiann\curseforge\minecraft\Instances\surv\mods}
[15:19:47] [main/INFO]: Found mod file YungsBetterOceanMonuments-1.20-Forge-3.0.4.jar of type MOD with provider {mods folder locator at C:\Users\kiann\curseforge\minecraft\Instances\surv\mods}
[15:19:47] [main/INFO]: Found mod file YungsBetterStrongholds-1.20-Forge-4.0.3.jar of type MOD with provider {mods folder locator at C:\Users\kiann\curseforge\minecraft\Instances\surv\mods}
[15:19:47] [main/INFO]: Found mod file YungsBetterWitchHuts-1.20-Forge-3.0.3.jar of type MOD with provider {mods folder locator at C:\Users\kiann\curseforge\minecraft\Instances\surv\mods}
[15:19:47] [main/INFO]: Found mod file YungsBridges-1.20-Forge-4.0.3.jar of type MOD with provider {mods folder locator at C:\Users\kiann\curseforge\minecraft\Instances\surv\mods}
[15:19:47] [main/INFO]: Found mod file YungsExtras-1.20-Forge-4.0.3.jar of type MOD with provider {mods folder locator at C:\Users\kiann\curseforge\minecraft\Instances\surv\mods}
[15:19:47] [main/INFO]: Found mod file YungsMenuTweaks-1.20.1-Forge-1.0.2.jar of type MOD with provider {mods folder locator at C:\Users\kiann\curseforge\minecraft\Instances\surv\mods}
[15:19:47] [main/INFO]: Found mod file yuushya-1.20.1-forge-2.2.3.jar of type MOD with provider {mods folder locator at C:\Users\kiann\curseforge\minecraft\Instances\surv\mods}
[15:19:47] [main/INFO]: Found mod file yuushya-modelling-1.20.1-forge-2.2.0.jar of type MOD with provider {mods folder locator at C:\Users\kiann\curseforge\minecraft\Instances\surv\mods}
[15:19:48] [main/WARN]: Mod file C:\Users\kiann\curseforge\minecraft\Install\libraries\net\minecraftforge\fmlcore\1.20.1-47.4.0\fmlcore-1.20.1-47.4.0.jar is missing mods.toml file
[15:19:48] [main/WARN]: Mod file C:\Users\kiann\curseforge\minecraft\Install\libraries\net\minecraftforge\javafmllanguage\1.20.1-47.4.0\javafmllanguage-1.20.1-47.4.0.jar is missing mods.toml file
[15:19:48] [main/WARN]: Mod file C:\Users\kiann\curseforge\minecraft\Install\libraries\net\minecraftforge\lowcodelanguage\1.20.1-47.4.0\lowcodelanguage-1.20.1-47.4.0.jar is missing mods.toml file
[15:19:48] [main/WARN]: Mod file C:\Users\kiann\curseforge\minecraft\Install\libraries\net\minecraftforge\mclanguage\1.20.1-47.4.0\mclanguage-1.20.1-47.4.0.jar is missing mods.toml file
[15:19:48] [main/INFO]: Found mod file fmlcore-1.20.1-47.4.0.jar of type LIBRARY with provider net.minecraftforge.fml.loading.moddiscovery.MinecraftLocator@b965857
[15:19:48] [main/INFO]: Found mod file javafmllanguage-1.20.1-47.4.0.jar of type LANGPROVIDER with provider net.minecraftforge.fml.loading.moddiscovery.MinecraftLocator@b965857
[15:19:48] [main/INFO]: Found mod file lowcodelanguage-1.20.1-47.4.0.jar of type LANGPROVIDER with provider net.minecraftforge.fml.loading.moddiscovery.MinecraftLocator@b965857
[15:19:48] [main/INFO]: Found mod file mclanguage-1.20.1-47.4.0.jar of type LANGPROVIDER with provider net.minecraftforge.fml.loading.moddiscovery.MinecraftLocator@b965857
[15:19:48] [main/INFO]: Found mod file client-1.20.1-20230612.114412-srg.jar of type MOD with provider net.minecraftforge.fml.loading.moddiscovery.MinecraftLocator@b965857
[15:19:48] [main/INFO]: Found mod file forge-1.20.1-47.4.0-universal.jar of type MOD with provider net.minecraftforge.fml.loading.moddiscovery.MinecraftLocator@b965857
[15:19:50] [main/WARN]: Attempted to select two dependency jars from JarJar which have the same identification: Mod File:  and Mod File: . Using Mod File: 
[15:19:50] [main/INFO]: Found 55 dependencies adding them to mods collection
[15:19:50] [main/INFO]: Found mod file jackson-dataformat-toml-2.15.2.jar of type LIBRARY with provider net.minecraftforge.fml.loading.moddiscovery.JarInJarDependencyLocator@27755487
[15:19:50] [main/INFO]: Found mod file kuma-api-forge-20.1.10+1.20.1.jar of type MOD with provider net.minecraftforge.fml.loading.moddiscovery.JarInJarDependencyLocator@27755487
[15:19:50] [main/INFO]: Found mod file groovy-macro-4.0.13.jar of type LIBRARY with provider net.minecraftforge.fml.loading.moddiscovery.JarInJarDependencyLocator@27755487
[15:19:50] [main/INFO]: Found mod file kfflang-4.11.0.jar of type LANGPROVIDER with provider net.minecraftforge.fml.loading.moddiscovery.JarInJarDependencyLocator@27755487
[15:19:50] [main/INFO]: Found mod file Ponder-Forge-1.20.1-1.0.80.jar of type MOD with provider net.minecraftforge.fml.loading.moddiscovery.JarInJarDependencyLocator@27755487
[15:19:50] [main/INFO]: Found mod file imageio-webp-3.12.0.jar of type GAMELIBRARY with provider net.minecraftforge.fml.loading.moddiscovery.JarInJarDependencyLocator@27755487
[15:19:50] [main/INFO]: Found mod file mclib-20.jar of type GAMELIBRARY with provider net.minecraftforge.fml.loading.moddiscovery.JarInJarDependencyLocator@27755487
[15:19:50] [main/INFO]: Found mod file snakeyaml-2.2.jar of type GAMELIBRARY with provider net.minecraftforge.fml.loading.moddiscovery.JarInJarDependencyLocator@27755487
[15:19:50] [main/INFO]: Found mod file TRender-1.0.5-1.20.1-forge-SNAPSHOT.jar of type MOD with provider net.minecraftforge.fml.loading.moddiscovery.JarInJarDependencyLocator@27755487
[15:19:50] [main/INFO]: Found mod file script-mods-4.0.11-all.jar of type LIBRARY with provider net.minecraftforge.fml.loading.moddiscovery.JarInJarDependencyLocator@27755487
[15:19:50] [main/INFO]: Found mod file jackson-core-2.15.2.jar of type LIBRARY with provider net.minecraftforge.fml.loading.moddiscovery.JarInJarDependencyLocator@27755487
[15:19:50] [main/INFO]: Found mod file libbamboo-2.17+1.20.1-forge.jar of type MOD with provider net.minecraftforge.fml.loading.moddiscovery.JarInJarDependencyLocator@27755487
[15:19:50] [main/INFO]: Found mod file groovy-templates-4.0.13.jar of type LIBRARY with provider net.minecraftforge.fml.loading.moddiscovery.JarInJarDependencyLocator@27755487
[15:19:50] [main/INFO]: Found mod file groovy-4.0.13.jar of type LIBRARY with provider net.minecraftforge.fml.loading.moddiscovery.JarInJarDependencyLocator@27755487
[15:19:50] [main/INFO]: Found mod file simplecloudsapi-forge-1.3-1.20.1.jar of type GAMELIBRARY with provider net.minecraftforge.fml.loading.moddiscovery.JarInJarDependencyLocator@27755487
[15:19:50] [main/INFO]: Found mod file groovy-nio-4.0.13.jar of type LIBRARY with provider net.minecraftforge.fml.loading.moddiscovery.JarInJarDependencyLocator@27755487
[15:19:50] [main/INFO]: Found mod file groovy-dateutil-4.0.13.jar of type LIBRARY with provider net.minecraftforge.fml.loading.moddiscovery.JarInJarDependencyLocator@27755487
[15:19:50] [main/INFO]: Found mod file imageio-core-3.12.0.jar of type GAMELIBRARY with provider net.minecraftforge.fml.loading.moddiscovery.JarInJarDependencyLocator@27755487
[15:19:50] [main/INFO]: Found mod file groovy-xml-4.0.13.jar of type LIBRARY with provider net.minecraftforge.fml.loading.moddiscovery.JarInJarDependencyLocator@27755487
[15:19:50] [main/INFO]: Found mod file MixinExtras-0.4.1.jar of type GAMELIBRARY with provider net.minecraftforge.fml.loading.moddiscovery.JarInJarDependencyLocator@27755487
[15:19:50] [main/INFO]: Found mod file MixinSquared-0.1.1.jar of type GAMELIBRARY with provider net.minecraftforge.fml.loading.moddiscovery.JarInJarDependencyLocator@27755487
[15:19:50] [main/INFO]: Found mod file crackerslib-forge-1.20.1-0.4.6.jar of type MOD with provider net.minecraftforge.fml.loading.moddiscovery.JarInJarDependencyLocator@27755487
[15:19:50] [main/INFO]: Found mod file groovy-toml-4.0.13.jar of type LIBRARY with provider net.minecraftforge.fml.loading.moddiscovery.JarInJarDependencyLocator@27755487
[15:19:50] [main/INFO]: Found mod file mixinextras-forge-0.4.1.jar of type GAMELIBRARY with provider net.minecraftforge.fml.loading.moddiscovery.JarInJarDependencyLocator@27755487
[15:19:50] [main/INFO]: Found mod file jackson-databind-2.15.2.jar of type LIBRARY with provider net.minecraftforge.fml.loading.moddiscovery.JarInJarDependencyLocator@27755487
[15:19:50] [main/INFO]: Found mod file common-lang-3.12.0.jar of type GAMELIBRARY with provider net.minecraftforge.fml.loading.moddiscovery.JarInJarDependencyLocator@27755487
[15:19:50] [main/INFO]: Found mod file jzlib-1.1.3.jar of type GAMELIBRARY with provider net.minecraftforge.fml.loading.moddiscovery.JarInJarDependencyLocator@27755487
[15:19:50] [main/INFO]: Found mod file jankson-1.2.3.jar of type GAMELIBRARY with provider net.minecraftforge.fml.loading.moddiscovery.JarInJarDependencyLocator@27755487
[15:19:50] [main/INFO]: Found mod file groovy-ginq-4.0.13.jar of type LIBRARY with provider net.minecraftforge.fml.loading.moddiscovery.JarInJarDependencyLocator@27755487
[15:19:50] [main/INFO]: Found mod file gson-0.2.1.jar of type GAMELIBRARY with provider net.minecraftforge.fml.loading.moddiscovery.JarInJarDependencyLocator@27755487
[15:19:50] [main/INFO]: Found mod file groovy-datetime-4.0.13.jar of type LIBRARY with provider net.minecraftforge.fml.loading.moddiscovery.JarInJarDependencyLocator@27755487
[15:19:50] [main/INFO]: Found mod file groovy-json-4.0.13.jar of type LIBRARY with provider net.minecraftforge.fml.loading.moddiscovery.JarInJarDependencyLocator@27755487
[15:19:50] [main/INFO]: Found mod file srgutils-0.5.4.jar of type LIBRARY with provider net.minecraftforge.fml.loading.moddiscovery.JarInJarDependencyLocator@27755487
[15:19:50] [main/INFO]: Found mod file mod-4.0.11.jar of type MOD with provider net.minecraftforge.fml.loading.moddiscovery.JarInJarDependencyLocator@27755487
[15:19:50] [main/INFO]: Found mod file mixinsquared-forge-0.1.1.jar of type GAMELIBRARY with provider net.minecraftforge.fml.loading.moddiscovery.JarInJarDependencyLocator@27755487
[15:19:50] [main/INFO]: Found mod file common-io-3.12.0.jar of type GAMELIBRARY with provider net.minecraftforge.fml.loading.moddiscovery.JarInJarDependencyLocator@27755487
[15:19:50] [main/INFO]: Found mod file Registrate-MC1.20-1.3.3.jar of type GAMELIBRARY with provider net.minecraftforge.fml.loading.moddiscovery.JarInJarDependencyLocator@27755487
[15:19:50] [main/INFO]: Found mod file json-0.2.1.jar of type GAMELIBRARY with provider net.minecraftforge.fml.loading.moddiscovery.JarInJarDependencyLocator@27755487
[15:19:50] [main/INFO]: Found mod file jackson-annotations-2.15.2.jar of type LIBRARY with provider net.minecraftforge.fml.loading.moddiscovery.JarInJarDependencyLocator@27755487
[15:19:50] [main/INFO]: Found mod file dynamiccrosshair-api-9.8+1.20.1-forge.jar of type MOD with provider net.minecraftforge.fml.loading.moddiscovery.JarInJarDependencyLocator@27755487
[15:19:50] [main/INFO]: Found mod file kffmod-4.11.0.jar of type MOD with provider net.minecraftforge.fml.loading.moddiscovery.JarInJarDependencyLocator@27755487
[15:19:50] [main/INFO]: Found mod file kfflib-4.11.0.jar of type GAMELIBRARY with provider net.minecraftforge.fml.loading.moddiscovery.JarInJarDependencyLocator@27755487
[15:19:50] [main/INFO]: Found mod file flywheel-forge-1.20.1-1.0.1.jar of type MOD with provider net.minecraftforge.fml.loading.moddiscovery.JarInJarDependencyLocator@27755487
[15:19:50] [main/INFO]: Found mod file groovy-typecheckers-4.0.13.jar of type LIBRARY with provider net.minecraftforge.fml.loading.moddiscovery.JarInJarDependencyLocator@27755487
[15:19:50] [main/INFO]: Found mod file cgl-1.20-forge-0.3.3.jar of type MOD with provider net.minecraftforge.fml.loading.moddiscovery.JarInJarDependencyLocator@27755487
[15:19:50] [main/INFO]: Found mod file common-image-3.12.0.jar of type GAMELIBRARY with provider net.minecraftforge.fml.loading.moddiscovery.JarInJarDependencyLocator@27755487
[15:19:50] [main/INFO]: Found mod file groovy-fat-4.0.11.jar of type LANGPROVIDER with provider net.minecraftforge.fml.loading.moddiscovery.JarInJarDependencyLocator@27755487
[15:19:50] [main/INFO]: Found mod file kaleido-config-0.3.3+1.3.2.jar of type GAMELIBRARY with provider net.minecraftforge.fml.loading.moddiscovery.JarInJarDependencyLocator@27755487
[15:19:50] [main/INFO]: Found mod file cobalt-0.9.6.jar of type GAMELIBRARY with provider net.minecraftforge.fml.loading.moddiscovery.JarInJarDependencyLocator@27755487
[15:19:50] [main/INFO]: Found mod file groovy-macro-library-4.0.13.jar of type LIBRARY with provider net.minecraftforge.fml.loading.moddiscovery.JarInJarDependencyLocator@27755487
[15:19:50] [main/INFO]: Found mod file imageio-metadata-3.12.0.jar of type GAMELIBRARY with provider net.minecraftforge.fml.loading.moddiscovery.JarInJarDependencyLocator@27755487
[15:19:50] [main/INFO]: Found mod file TRansition-1.0.3-1.20.1-forge-SNAPSHOT.jar of type MOD with provider net.minecraftforge.fml.loading.moddiscovery.JarInJarDependencyLocator@27755487
[15:19:50] [main/INFO]: Found mod file groovy-contracts-4.0.13.jar of type LIBRARY with provider net.minecraftforge.fml.loading.moddiscovery.JarInJarDependencyLocator@27755487
[15:19:50] [main/INFO]: Found mod file tomlkt-jvm-0.3.7.jar of type GAMELIBRARY with provider net.minecraftforge.fml.loading.moddiscovery.JarInJarDependencyLocator@27755487
[15:19:50] [main/INFO]: Found mod file expandability-forge-9.0.4.jar of type MOD with provider net.minecraftforge.fml.loading.moddiscovery.JarInJarDependencyLocator@27755487
[15:19:50] [main/INFO]: Starting runtime mappings setup...
[15:19:50] [main/INFO]: Injecting ScriptModLocator candidates...
[15:19:50] [main/INFO]: Injected Jimfs file system
[15:19:50] [main/INFO]: Skipped loading script mods from directory C:\Users\kiann\curseforge\minecraft\Instances\surv\mods\scripts as it did not exist.
[15:19:51] [main/INFO]: Injected ScriptModLocator mod candidates. Found 0 valid mod candidates and 0 broken mod files.
[15:19:52] [main/INFO]: OptiFineTransformationService.transformers
[15:19:52] [main/INFO]: Targets: 412
[15:19:53] [main/INFO]: additionalClassesLocator: [optifine., net.optifine.]
[15:19:54] [GML Mappings Thread/INFO]: Loaded runtime mappings in 3760ms
[15:19:54] [GML Mappings Thread/INFO]: Finished runtime mappings setup.
[15:19:59] [main/INFO]: Compatibility level set to JAVA_17
[15:19:59] [main/ERROR]: Mixin config cameraoverhaul.mixins.json does not specify "minVersion" property
[15:19:59] [main/ERROR]: Mixin config yuushya.mixins.json does not specify "minVersion" property
[15:19:59] [main/ERROR]: Mixin config projectatmosphere.mixins.json does not specify "minVersion" property
[15:19:59] [main/ERROR]: Mixin config bountifulblocks.mixins.json does not specify "minVersion" property
[15:19:59] [main/ERROR]: Mixin config yacl.mixins.json does not specify "minVersion" property
[15:19:59] [main/INFO]: Successfully loaded Mixin Connector [com.sonicether.soundphysics.MixinConnector]
[15:19:59] [main/INFO]: Launching target 'forgeclient' with arguments [--version, forge-47.4.0, --gameDir, C:\Users\kiann\curseforge\minecraft\Instances\surv, --assetsDir, C:\Users\kiann\curseforge\minecraft\Install\assets, --uuid, ad1424842ace4593a2eab8339ec5e454, --username, Xspringbonnie0, --assetIndex, 5, --accessToken, ????????, --clientId, NDY2ZGMzNzktMzFkMi00ZDQ5LThhNjEtNWJiYWQ4MGRjZjU3, --xuid, 2535447022208370, --userType, msa, --versionType, release, --width, 1024, --height, 768, --quickPlayPath, C:\Users\kiann\curseforge\minecraft\Install\quickPlay\java\1753363177757.json]
[15:20:00] [main/WARN]: Reference map 'yungsextras.refmap.json' for yungsextras.mixins.json could not be read. If this is a development environment you can ignore this message
[15:20:00] [main/WARN]: Reference map 'yungsextras.refmap.json' for yungsextras_forge.mixins.json could not be read. If this is a development environment you can ignore this message
[15:20:00] [main/WARN]: Reference map 'sittingplus.refmap.json' for sittingplus.mixins.json could not be read. If this is a development environment you can ignore this message
[15:20:00] [main/WARN]: Reference map 'projectatmosphere.refmap.json' for projectatmosphere.mixins.json could not be read. If this is a development environment you can ignore this message
[15:20:00] [main/WARN]: Reference map 'escalated-1.20.1-refmap.json' for escalated-common.mixins.json could not be read. If this is a development environment you can ignore this message
[15:20:00] [main/WARN]: Reference map 'Create-The_Factory_Must_Grow.refmap.json' for tfmg.mixins.json could not be read. If this is a development environment you can ignore this message
[15:20:00] [main/WARN]: Reference map 'Aquamirae.refmap.json' for aquamirae.mixins.json could not be read. If this is a development environment you can ignore this message
[15:20:02] [main/WARN]: Error loading class: com/anthonyhilyard/itemborders/ItemBordersConfig (java.lang.ClassNotFoundException: com.anthonyhilyard.itemborders.ItemBordersConfig)
[15:20:02] [main/WARN]: @Mixin target com.anthonyhilyard.itemborders.ItemBordersConfig was not found subtle_effects.mixins.json:client.ItemBordersConfigAccessor
[15:20:02] [main/WARN]: Error loading class: me/jellysquid/mods/lithium/common/ai/pathing/PathNodeDefaults (java.lang.ClassNotFoundException: me.jellysquid.mods.lithium.common.ai.pathing.PathNodeDefaults)
[15:20:02] [main/WARN]: Error loading class: me/jellysquid/mods/sodium/client/render/chunk/compile/pipeline/FluidRenderer (java.lang.ClassNotFoundException: me.jellysquid.mods.sodium.client.render.chunk.compile.pipeline.FluidRenderer)
[15:20:03] [main/WARN]: Error loading class: mezz/modnametooltip/TooltipEventHandler (java.lang.ClassNotFoundException: mezz.modnametooltip.TooltipEventHandler)
[15:20:03] [main/WARN]: Error loading class: me/shedaniel/rei/impl/client/ClientHelperImpl (java.lang.ClassNotFoundException: me.shedaniel.rei.impl.client.ClientHelperImpl)
[15:20:03] [main/WARN]: Error loading class: vectorwing/farmersdelight/client/renderer/HangingCanvasSignRenderer (java.lang.ClassNotFoundException: vectorwing.farmersdelight.client.renderer.HangingCanvasSignRenderer)
[15:20:03] [main/WARN]: Error loading class: vectorwing/farmersdelight/client/renderer/CanvasSignRenderer (java.lang.ClassNotFoundException: vectorwing.farmersdelight.client.renderer.CanvasSignRenderer)
[15:20:04] [main/WARN]: Error loading class: org/vivecraft/client_vr/provider/VRRenderer (java.lang.ClassNotFoundException: org.vivecraft.client_vr.provider.VRRenderer)
[15:20:04] [main/WARN]: Error loading class: net/dries007/tfc/common/fluids/MixingFluid (java.lang.ClassNotFoundException: net.dries007.tfc.common.fluids.MixingFluid)
[15:20:04] [main/WARN]: @Mixin target net.dries007.tfc.common.fluids.MixingFluid was not found particular.mixins.json:compat.TFCMixingFluidMixin
[15:20:04] [main/WARN]: Error loading class: net/dries007/tfc/common/fluids/RiverWaterFluid (java.lang.ClassNotFoundException: net.dries007.tfc.common.fluids.RiverWaterFluid)
[15:20:04] [main/WARN]: @Mixin target net.dries007.tfc.common.fluids.RiverWaterFluid was not found particular.mixins.json:compat.TFCWaterMixin
[15:20:04] [main/WARN]: Error loading class: mezz/jei/gui/input/handlers/GlobalInputHandler (java.lang.ClassNotFoundException: mezz.jei.gui.input.handlers.GlobalInputHandler)
[15:20:04] [main/WARN]: @Mixin target mezz.jei.gui.input.handlers.GlobalInputHandler was not found scholar-common.mixins.json:jei.JeiKeyConflictContextMixin
[15:20:04] [main/WARN]: Error loading class: weather2/weathersystem/wind/WindManager (java.lang.ClassNotFoundException: weather2.weathersystem.wind.WindManager)
[15:20:04] [main/WARN]: @Mixin target weather2.weathersystem.wind.WindManager was not found waves.mixins.json:WindManagerMixin
[15:20:04] [main/WARN]: Error loading class: weather2/weathersystem/storm/TornadoHelper (java.lang.ClassNotFoundException: weather2.weathersystem.storm.TornadoHelper)
[15:20:04] [main/WARN]: @Mixin target weather2.weathersystem.storm.TornadoHelper was not found waves.mixins.json:TornadoHelperMixin
[15:20:05] [main/WARN]: Error loading class: vectorwing/farmersdelight/common/block/TomatoVineBlock (java.lang.ClassNotFoundException: vectorwing.farmersdelight.common.block.TomatoVineBlock)
[15:20:05] [main/WARN]: Error loading class: me/jellysquid/mods/sodium/client/render/chunk/compile/pipeline/FluidRenderer (java.lang.ClassNotFoundException: me.jellysquid.mods.sodium.client.render.chunk.compile.pipeline.FluidRenderer)
[15:20:05] [main/WARN]: Error loading class: net/raphimc/immediatelyfast/feature/map_atlas_generation/MapAtlasTexture (java.lang.ClassNotFoundException: net.raphimc.immediatelyfast.feature.map_atlas_generation.MapAtlasTexture)
[15:20:05] [main/WARN]: Error loading class: me/cominixo/betterf3/modules/TargetModule (java.lang.ClassNotFoundException: me.cominixo.betterf3.modules.TargetModule)
[15:20:05] [main/WARN]: @Mixin target me.cominixo.betterf3.modules.TargetModule was not found securitycraft.mixins.json:f3.BetterF3TargetModuleMixin
[15:20:05] [main/WARN]: Error loading class: journeymap/client/ui/fullscreen/Fullscreen (java.lang.ClassNotFoundException: journeymap.client.ui.fullscreen.Fullscreen)
[15:20:05] [main/WARN]: @Mixin target journeymap.client.ui.fullscreen.Fullscreen was not found create.mixins.json:compat.JourneyFullscreenMapMixin
[15:20:06] [main/WARN]: Error loading class: org/jetbrains/annotations/ApiStatus$Internal (java.lang.ClassNotFoundException: org.jetbrains.annotations.ApiStatus$Internal)
[15:20:06] [main/INFO]: Initializing MixinExtras via com.llamalad7.mixinextras.service.MixinExtrasServiceImpl(version=0.4.1).
